<?xml version="1.0" encoding="UTF-8"?>
<testng-results ignored="0" total="1" passed="1" failed="0" skipped="0">
  <reporter-output>
  </reporter-output>
  <suite started-at="2024-10-04T16:13:29 IST" name="Default suite" finished-at="2024-10-04T16:13:44 IST" duration-ms="15924">
    <groups>
    </groups>
    <test started-at="2024-10-04T16:13:29 IST" name="Default test" finished-at="2024-10-04T16:13:44 IST" duration-ms="15924">
      <class name="windowhandle.SingleBrowserWindowHandle">
        <test-method signature="windowHandle()[pri:0, instance:windowhandle.SingleBrowserWindowHandle@60975100]" started-at="2024-10-04T16:13:29 IST" name="windowHandle" finished-at="2024-10-04T16:13:44 IST" duration-ms="15891" status="PASS">
          <reporter-output>
          </reporter-output>
        </test-method> <!-- windowHandle -->
      </class> <!-- windowhandle.SingleBrowserWindowHandle -->
    </test> <!-- Default test -->
  </suite> <!-- Default suite -->
</testng-results>
